[1.959s] Invoking command in '/mnt/c/Users/xiaox/OneDrive/Desktop/linux stuff/my_package': PYTHONPATH=/mnt/c/Users/xiaox/OneDrive/Desktop/linux stuff/my_package/build/my_package/prefix_override:/mnt/c/Users/xiaox/OneDrive/Desktop/linux stuff/my_package/install/my_package/lib/python3.10/site-packages:${PYTHONPATH} /usr/bin/python3 setup.py egg_info --egg-base build/my_package build --build-base /mnt/c/Users/xiaox/OneDrive/Desktop/linux stuff/my_package/build/my_package/build install --record /mnt/c/Users/xiaox/OneDrive/Desktop/linux stuff/my_package/build/my_package/install.log --single-version-externally-managed
[2.836s] running egg_info
[2.844s] writing build/my_package/my_package.egg-info/PKG-INFO
[2.853s] writing dependency_links to build/my_package/my_package.egg-info/dependency_links.txt
[2.862s] writing entry points to build/my_package/my_package.egg-info/entry_points.txt
[2.869s] writing requirements to build/my_package/my_package.egg-info/requires.txt
[2.873s] writing top-level names to build/my_package/my_package.egg-info/top_level.txt
[2.927s] reading manifest file 'build/my_package/my_package.egg-info/SOURCES.txt'
[2.996s] adding license file 'LICENSE'
[3.031s] writing manifest file 'build/my_package/my_package.egg-info/SOURCES.txt'
[3.035s] running build
[3.037s] running build_py
[3.095s] running install
[3.096s] /usr/lib/python3/dist-packages/setuptools/command/install.py:34: SetuptoolsDeprecationWarning: setup.py install is deprecated. Use build and pip and other standards-based tools.
[3.097s]   warnings.warn(
[3.098s] running install_lib
[3.292s] running install_data
[3.359s] copying launch/robot_launch.py -> /mnt/c/Users/xiaox/OneDrive/Desktop/linux stuff/my_package/install/my_package/share/my_package/launch
[3.434s] running install_egg_info
[3.448s] removing '/mnt/c/Users/xiaox/OneDrive/Desktop/linux stuff/my_package/install/my_package/lib/python3.10/site-packages/my_package-0.0.0-py3.10.egg-info' (and everything under it)
[3.538s] Copying build/my_package/my_package.egg-info to /mnt/c/Users/xiaox/OneDrive/Desktop/linux stuff/my_package/install/my_package/lib/python3.10/site-packages/my_package-0.0.0-py3.10.egg-info
[3.882s] running install_scripts
[3.983s] Installing my_robot_driver script to /mnt/c/Users/xiaox/OneDrive/Desktop/linux stuff/my_package/install/my_package/lib/my_package
[3.998s] Installing obstacle_avoider script to /mnt/c/Users/xiaox/OneDrive/Desktop/linux stuff/my_package/install/my_package/lib/my_package
[4.015s] writing list of installed files to '/mnt/c/Users/xiaox/OneDrive/Desktop/linux stuff/my_package/build/my_package/install.log'
[4.034s] Invoked command in '/mnt/c/Users/xiaox/OneDrive/Desktop/linux stuff/my_package' returned '0': PYTHONPATH=/mnt/c/Users/xiaox/OneDrive/Desktop/linux stuff/my_package/build/my_package/prefix_override:/mnt/c/Users/xiaox/OneDrive/Desktop/linux stuff/my_package/install/my_package/lib/python3.10/site-packages:${PYTHONPATH} /usr/bin/python3 setup.py egg_info --egg-base build/my_package build --build-base /mnt/c/Users/xiaox/OneDrive/Desktop/linux stuff/my_package/build/my_package/build install --record /mnt/c/Users/xiaox/OneDrive/Desktop/linux stuff/my_package/build/my_package/install.log --single-version-externally-managed
