[0.416s] DEBUG:colcon:Command line arguments: ['/usr/bin/colcon', 'build']
[0.416s] DEBUG:colcon:Parsed command line arguments: Namespace(log_base=None, log_level=None, verb_name='build', build_base='build', install_base='install', merge_install=False, symlink_install=False, test_result_base=None, continue_on_error=False, executor='parallel', parallel_workers=16, event_handlers=None, ignore_user_meta=False, metas=['./colcon.meta'], base_paths=['.'], packages_ignore=None, packages_ignore_regex=None, paths=None, packages_up_to=None, packages_up_to_regex=None, packages_above=None, packages_above_and_dependencies=None, packages_above_depth=None, packages_select_by_dep=None, packages_skip_by_dep=None, packages_skip_up_to=None, packages_select_build_failed=False, packages_skip_build_finished=False, packages_select_test_failures=False, packages_skip_test_passed=False, packages_select=None, packages_skip=None, packages_select_regex=None, packages_skip_regex=None, packages_start=None, packages_end=None, allow_overriding=[], cmake_args=None, cmake_target=None, cmake_target_skip_unavailable=False, cmake_clean_cache=False, cmake_clean_first=False, cmake_force_configure=False, ament_cmake_args=None, catkin_cmake_args=None, catkin_skip_building_tests=False, verb_parser=<colcon_defaults.argument_parser.defaults.DefaultArgumentsDecorator object at 0x7f98195e7790>, verb_extension=<colcon_core.verb.build.BuildVerb object at 0x7f9819dfbeb0>, main=<bound method BuildVerb.main of <colcon_core.verb.build.BuildVerb object at 0x7f9819dfbeb0>>)
[0.477s] Level 1:colcon.colcon_core.package_discovery:discover_packages(colcon_meta) check parameters
[0.478s] Level 1:colcon.colcon_core.package_discovery:discover_packages(recursive) check parameters
[0.478s] Level 1:colcon.colcon_core.package_discovery:discover_packages(ignore) check parameters
[0.479s] Level 1:colcon.colcon_core.package_discovery:discover_packages(path) check parameters
[0.479s] Level 1:colcon.colcon_core.package_discovery:discover_packages(colcon_meta) discover
[0.480s] Level 1:colcon.colcon_core.package_discovery:discover_packages(recursive) discover
[0.480s] INFO:colcon.colcon_core.package_discovery:Crawling recursively for packages in '/mnt/c/Users/xiaox/OneDrive/Desktop/linux stuff/my_package'
[0.482s] Level 1:colcon.colcon_core.package_identification:_identify(.) by extensions ['ignore', 'ignore_ament_install']
[0.483s] Level 1:colcon.colcon_core.package_identification:_identify(.) by extension 'ignore'
[0.483s] Level 1:colcon.colcon_core.package_identification:_identify(.) by extension 'ignore_ament_install'
[0.484s] Level 1:colcon.colcon_core.package_identification:_identify(.) by extensions ['colcon_pkg']
[0.484s] Level 1:colcon.colcon_core.package_identification:_identify(.) by extension 'colcon_pkg'
[0.485s] Level 1:colcon.colcon_core.package_identification:_identify(.) by extensions ['colcon_meta']
[0.485s] Level 1:colcon.colcon_core.package_identification:_identify(.) by extension 'colcon_meta'
[0.485s] Level 1:colcon.colcon_core.package_identification:_identify(.) by extensions ['ros']
[0.485s] Level 1:colcon.colcon_core.package_identification:_identify(.) by extension 'ros'
[0.502s] DEBUG:colcon.colcon_core.package_identification:Package '.' with type 'ros.ament_python' and name 'my_package'
[0.502s] Level 1:colcon.colcon_core.package_discovery:discover_packages(recursive) using defaults
[0.503s] Level 1:colcon.colcon_core.package_discovery:discover_packages(ignore) discover
[0.503s] Level 1:colcon.colcon_core.package_discovery:discover_packages(ignore) using defaults
[0.503s] Level 1:colcon.colcon_core.package_discovery:discover_packages(path) discover
[0.503s] Level 1:colcon.colcon_core.package_discovery:discover_packages(path) using defaults
[0.529s] Level 1:colcon.colcon_core.package_discovery:discover_packages(prefix_path) check parameters
[0.529s] Level 1:colcon.colcon_core.package_discovery:discover_packages(prefix_path) discover
[0.533s] DEBUG:colcon.colcon_installed_package_information.package_discovery:Found 310 installed packages in /opt/ros/humble
[0.534s] Level 1:colcon.colcon_core.package_discovery:discover_packages(prefix_path) using defaults
[0.572s] Level 5:colcon.colcon_core.verb:set package 'my_package' build argument 'cmake_args' from command line to 'None'
[0.572s] Level 5:colcon.colcon_core.verb:set package 'my_package' build argument 'cmake_target' from command line to 'None'
[0.572s] Level 5:colcon.colcon_core.verb:set package 'my_package' build argument 'cmake_target_skip_unavailable' from command line to 'False'
[0.573s] Level 5:colcon.colcon_core.verb:set package 'my_package' build argument 'cmake_clean_cache' from command line to 'False'
[0.573s] Level 5:colcon.colcon_core.verb:set package 'my_package' build argument 'cmake_clean_first' from command line to 'False'
[0.574s] Level 5:colcon.colcon_core.verb:set package 'my_package' build argument 'cmake_force_configure' from command line to 'False'
[0.574s] Level 5:colcon.colcon_core.verb:set package 'my_package' build argument 'ament_cmake_args' from command line to 'None'
[0.574s] Level 5:colcon.colcon_core.verb:set package 'my_package' build argument 'catkin_cmake_args' from command line to 'None'
[0.574s] Level 5:colcon.colcon_core.verb:set package 'my_package' build argument 'catkin_skip_building_tests' from command line to 'False'
[0.575s] DEBUG:colcon.colcon_core.verb:Building package 'my_package' with the following arguments: {'ament_cmake_args': None, 'build_base': '/mnt/c/Users/xiaox/OneDrive/Desktop/linux stuff/my_package/build/my_package', 'catkin_cmake_args': None, 'catkin_skip_building_tests': False, 'cmake_args': None, 'cmake_clean_cache': False, 'cmake_clean_first': False, 'cmake_force_configure': False, 'cmake_target': None, 'cmake_target_skip_unavailable': False, 'install_base': '/mnt/c/Users/xiaox/OneDrive/Desktop/linux stuff/my_package/install/my_package', 'merge_install': False, 'path': '/mnt/c/Users/xiaox/OneDrive/Desktop/linux stuff/my_package', 'symlink_install': False, 'test_result_base': None}
[0.575s] INFO:colcon.colcon_core.executor:Executing jobs using 'parallel' executor
[0.577s] DEBUG:colcon.colcon_parallel_executor.executor.parallel:run_until_complete
[0.578s] INFO:colcon.colcon_ros.task.ament_python.build:Building ROS package in '/mnt/c/Users/xiaox/OneDrive/Desktop/linux stuff/my_package' with build type 'ament_python'
[0.578s] Level 1:colcon.colcon_core.shell:create_environment_hook('my_package', 'ament_prefix_path')
[0.585s] INFO:colcon.colcon_core.plugin_system:Skipping extension 'colcon_core.shell.bat': Not used on non-Windows systems
[0.585s] INFO:colcon.colcon_core.shell:Creating environment hook '/mnt/c/Users/xiaox/OneDrive/Desktop/linux stuff/my_package/install/my_package/share/my_package/hook/ament_prefix_path.ps1'
[0.608s] INFO:colcon.colcon_core.shell:Creating environment descriptor '/mnt/c/Users/xiaox/OneDrive/Desktop/linux stuff/my_package/install/my_package/share/my_package/hook/ament_prefix_path.dsv'
[0.639s] INFO:colcon.colcon_core.shell:Creating environment hook '/mnt/c/Users/xiaox/OneDrive/Desktop/linux stuff/my_package/install/my_package/share/my_package/hook/ament_prefix_path.sh'
[0.666s] INFO:colcon.colcon_core.shell:Skip shell extension 'powershell' for command environment: Not usable outside of PowerShell
[0.666s] DEBUG:colcon.colcon_core.shell:Skip shell extension 'dsv' for command environment
[0.879s] INFO:colcon.colcon_core.task.python.build:Building Python package in '/mnt/c/Users/xiaox/OneDrive/Desktop/linux stuff/my_package'
[0.880s] INFO:colcon.colcon_core.shell:Skip shell extension 'powershell' for command environment: Not usable outside of PowerShell
[0.880s] DEBUG:colcon.colcon_core.shell:Skip shell extension 'dsv' for command environment
[2.152s] DEBUG:colcon.colcon_core.event_handler.log_command:Invoking command in '/mnt/c/Users/xiaox/OneDrive/Desktop/linux stuff/my_package': PYTHONPATH=/mnt/c/Users/xiaox/OneDrive/Desktop/linux stuff/my_package/build/my_package/prefix_override:/mnt/c/Users/xiaox/OneDrive/Desktop/linux stuff/my_package/install/my_package/lib/python3.10/site-packages:${PYTHONPATH} /usr/bin/python3 setup.py egg_info --egg-base build/my_package build --build-base /mnt/c/Users/xiaox/OneDrive/Desktop/linux stuff/my_package/build/my_package/build install --record /mnt/c/Users/xiaox/OneDrive/Desktop/linux stuff/my_package/build/my_package/install.log --single-version-externally-managed
[4.081s] DEBUG:colcon.colcon_core.event_handler.log_command:Invoked command in '/mnt/c/Users/xiaox/OneDrive/Desktop/linux stuff/my_package' returned '0': PYTHONPATH=/mnt/c/Users/xiaox/OneDrive/Desktop/linux stuff/my_package/build/my_package/prefix_override:/mnt/c/Users/xiaox/OneDrive/Desktop/linux stuff/my_package/install/my_package/lib/python3.10/site-packages:${PYTHONPATH} /usr/bin/python3 setup.py egg_info --egg-base build/my_package build --build-base /mnt/c/Users/xiaox/OneDrive/Desktop/linux stuff/my_package/build/my_package/build install --record /mnt/c/Users/xiaox/OneDrive/Desktop/linux stuff/my_package/build/my_package/install.log --single-version-externally-managed
[4.087s] Level 1:colcon.colcon_core.environment:checking '/mnt/c/Users/xiaox/OneDrive/Desktop/linux stuff/my_package/install/my_package' for CMake module files
[4.154s] Level 1:colcon.colcon_core.environment:checking '/mnt/c/Users/xiaox/OneDrive/Desktop/linux stuff/my_package/install/my_package' for CMake config files
[4.333s] Level 1:colcon.colcon_core.environment:checking '/mnt/c/Users/xiaox/OneDrive/Desktop/linux stuff/my_package/install/my_package/lib'
[4.339s] Level 1:colcon.colcon_core.environment:checking '/mnt/c/Users/xiaox/OneDrive/Desktop/linux stuff/my_package/install/my_package/bin'
[4.341s] Level 1:colcon.colcon_core.environment:checking '/mnt/c/Users/xiaox/OneDrive/Desktop/linux stuff/my_package/install/my_package/lib/pkgconfig/my_package.pc'
[4.344s] Level 1:colcon.colcon_core.environment:checking '/mnt/c/Users/xiaox/OneDrive/Desktop/linux stuff/my_package/install/my_package/lib/python3.10/site-packages'
[4.347s] Level 1:colcon.colcon_core.shell:create_environment_hook('my_package', 'pythonpath')
[4.348s] INFO:colcon.colcon_core.shell:Creating environment hook '/mnt/c/Users/xiaox/OneDrive/Desktop/linux stuff/my_package/install/my_package/share/my_package/hook/pythonpath.ps1'
[4.365s] INFO:colcon.colcon_core.shell:Creating environment descriptor '/mnt/c/Users/xiaox/OneDrive/Desktop/linux stuff/my_package/install/my_package/share/my_package/hook/pythonpath.dsv'
[4.383s] INFO:colcon.colcon_core.shell:Creating environment hook '/mnt/c/Users/xiaox/OneDrive/Desktop/linux stuff/my_package/install/my_package/share/my_package/hook/pythonpath.sh'
[4.410s] Level 1:colcon.colcon_core.environment:checking '/mnt/c/Users/xiaox/OneDrive/Desktop/linux stuff/my_package/install/my_package/bin'
[4.412s] Level 1:colcon.colcon_core.environment:create_environment_scripts_only(my_package)
[4.413s] INFO:colcon.colcon_core.shell:Creating package script '/mnt/c/Users/xiaox/OneDrive/Desktop/linux stuff/my_package/install/my_package/share/my_package/package.ps1'
[4.433s] INFO:colcon.colcon_core.shell:Creating package descriptor '/mnt/c/Users/xiaox/OneDrive/Desktop/linux stuff/my_package/install/my_package/share/my_package/package.dsv'
[4.451s] INFO:colcon.colcon_core.shell:Creating package script '/mnt/c/Users/xiaox/OneDrive/Desktop/linux stuff/my_package/install/my_package/share/my_package/package.sh'
[4.466s] INFO:colcon.colcon_core.shell:Creating package script '/mnt/c/Users/xiaox/OneDrive/Desktop/linux stuff/my_package/install/my_package/share/my_package/package.bash'
[4.481s] INFO:colcon.colcon_core.shell:Creating package script '/mnt/c/Users/xiaox/OneDrive/Desktop/linux stuff/my_package/install/my_package/share/my_package/package.zsh'
[4.496s] Level 1:colcon.colcon_core.environment:create_file_with_runtime_dependencies(/mnt/c/Users/xiaox/OneDrive/Desktop/linux stuff/my_package/install/my_package/share/colcon-core/packages/my_package)
[4.520s] DEBUG:colcon.colcon_parallel_executor.executor.parallel:closing loop
[4.521s] DEBUG:colcon.colcon_parallel_executor.executor.parallel:loop closed
[4.521s] DEBUG:colcon.colcon_parallel_executor.executor.parallel:run_until_complete finished with '0'
[4.522s] DEBUG:colcon.colcon_core.event_reactor:joining thread
[4.604s] INFO:colcon.colcon_core.plugin_system:Skipping extension 'colcon_notification.desktop_notification.notify_send': Could not find 'notify-send'
[4.604s] INFO:colcon.colcon_core.plugin_system:Skipping extension 'colcon_notification.desktop_notification.terminal_notifier': Not used on non-Darwin systems
[4.604s] INFO:colcon.colcon_core.plugin_system:Skipping extension 'colcon_notification.desktop_notification.win32': Not used on non-Windows systems
[4.605s] INFO:colcon.colcon_notification.desktop_notification:Sending desktop notification using 'notify2'
[4.605s] DEBUG:colcon.colcon_notification.desktop_notification.notify2:Failed to initialize notify2: org.freedesktop.DBus.Error.FileNotFound: Failed to connect to socket /run/user/1000/bus: No such file or directory
[4.605s] DEBUG:colcon.colcon_core.event_reactor:joined thread
[4.606s] INFO:colcon.colcon_core.shell:Creating prefix script '/mnt/c/Users/xiaox/OneDrive/Desktop/linux stuff/my_package/install/local_setup.ps1'
[4.613s] INFO:colcon.colcon_core.shell:Creating prefix util module '/mnt/c/Users/xiaox/OneDrive/Desktop/linux stuff/my_package/install/_local_setup_util_ps1.py'
[4.620s] INFO:colcon.colcon_core.shell:Creating prefix chain script '/mnt/c/Users/xiaox/OneDrive/Desktop/linux stuff/my_package/install/setup.ps1'
[4.629s] INFO:colcon.colcon_core.shell:Creating prefix script '/mnt/c/Users/xiaox/OneDrive/Desktop/linux stuff/my_package/install/local_setup.sh'
[4.636s] INFO:colcon.colcon_core.shell:Creating prefix util module '/mnt/c/Users/xiaox/OneDrive/Desktop/linux stuff/my_package/install/_local_setup_util_sh.py'
[4.645s] INFO:colcon.colcon_core.shell:Creating prefix chain script '/mnt/c/Users/xiaox/OneDrive/Desktop/linux stuff/my_package/install/setup.sh'
[4.658s] INFO:colcon.colcon_core.shell:Creating prefix script '/mnt/c/Users/xiaox/OneDrive/Desktop/linux stuff/my_package/install/local_setup.bash'
[4.669s] INFO:colcon.colcon_core.shell:Creating prefix chain script '/mnt/c/Users/xiaox/OneDrive/Desktop/linux stuff/my_package/install/setup.bash'
[4.684s] INFO:colcon.colcon_core.shell:Creating prefix script '/mnt/c/Users/xiaox/OneDrive/Desktop/linux stuff/my_package/install/local_setup.zsh'
[4.696s] INFO:colcon.colcon_core.shell:Creating prefix chain script '/mnt/c/Users/xiaox/OneDrive/Desktop/linux stuff/my_package/install/setup.zsh'
