[0.618s] DEBUG:colcon:Command line arguments: ['/usr/bin/colcon', 'build']
[0.619s] DEBUG:colcon:Parsed command line arguments: Namespace(log_base=None, log_level=None, verb_name='build', build_base='build', install_base='install', merge_install=False, symlink_install=False, test_result_base=None, continue_on_error=False, executor='parallel', parallel_workers=16, event_handlers=None, ignore_user_meta=False, metas=['./colcon.meta'], base_paths=['.'], packages_ignore=None, packages_ignore_regex=None, paths=None, packages_up_to=None, packages_up_to_regex=None, packages_above=None, packages_above_and_dependencies=None, packages_above_depth=None, packages_select_by_dep=None, packages_skip_by_dep=None, packages_skip_up_to=None, packages_select_build_failed=False, packages_skip_build_finished=False, packages_select_test_failures=False, packages_skip_test_passed=False, packages_select=None, packages_skip=None, packages_select_regex=None, packages_skip_regex=None, packages_start=None, packages_end=None, allow_overriding=[], cmake_args=None, cmake_target=None, cmake_target_skip_unavailable=False, cmake_clean_cache=False, cmake_clean_first=False, cmake_force_configure=False, ament_cmake_args=None, catkin_cmake_args=None, catkin_skip_building_tests=False, verb_parser=<colcon_defaults.argument_parser.defaults.DefaultArgumentsDecorator object at 0x7fda0325fa90>, verb_extension=<colcon_core.verb.build.BuildVerb object at 0x7fda03a91c60>, main=<bound method BuildVerb.main of <colcon_core.verb.build.BuildVerb object at 0x7fda03a91c60>>)
[0.687s] Level 1:colcon.colcon_core.package_discovery:discover_packages(colcon_meta) check parameters
[0.687s] Level 1:colcon.colcon_core.package_discovery:discover_packages(recursive) check parameters
[0.688s] Level 1:colcon.colcon_core.package_discovery:discover_packages(ignore) check parameters
[0.688s] Level 1:colcon.colcon_core.package_discovery:discover_packages(path) check parameters
[0.688s] Level 1:colcon.colcon_core.package_discovery:discover_packages(colcon_meta) discover
[0.689s] Level 1:colcon.colcon_core.package_discovery:discover_packages(recursive) discover
[0.689s] INFO:colcon.colcon_core.package_discovery:Crawling recursively for packages in '/mnt/c/Users/xiaox/OneDrive/Desktop/linux stuff/my_package'
[0.690s] Level 1:colcon.colcon_core.package_identification:_identify(.) by extensions ['ignore', 'ignore_ament_install']
[0.691s] Level 1:colcon.colcon_core.package_identification:_identify(.) by extension 'ignore'
[0.691s] Level 1:colcon.colcon_core.package_identification:_identify(.) by extension 'ignore_ament_install'
[0.692s] Level 1:colcon.colcon_core.package_identification:_identify(.) by extensions ['colcon_pkg']
[0.692s] Level 1:colcon.colcon_core.package_identification:_identify(.) by extension 'colcon_pkg'
[0.693s] Level 1:colcon.colcon_core.package_identification:_identify(.) by extensions ['colcon_meta']
[0.693s] Level 1:colcon.colcon_core.package_identification:_identify(.) by extension 'colcon_meta'
[0.693s] Level 1:colcon.colcon_core.package_identification:_identify(.) by extensions ['ros']
[0.693s] Level 1:colcon.colcon_core.package_identification:_identify(.) by extension 'ros'
[0.712s] DEBUG:colcon.colcon_core.package_identification:Package '.' with type 'ros.ament_python' and name 'my_package'
[0.712s] Level 1:colcon.colcon_core.package_discovery:discover_packages(recursive) using defaults
[0.713s] Level 1:colcon.colcon_core.package_discovery:discover_packages(ignore) discover
[0.713s] Level 1:colcon.colcon_core.package_discovery:discover_packages(ignore) using defaults
[0.713s] Level 1:colcon.colcon_core.package_discovery:discover_packages(path) discover
[0.714s] Level 1:colcon.colcon_core.package_discovery:discover_packages(path) using defaults
[0.775s] Level 1:colcon.colcon_core.package_discovery:discover_packages(prefix_path) check parameters
[0.775s] Level 1:colcon.colcon_core.package_discovery:discover_packages(prefix_path) discover
[0.821s] DEBUG:colcon.colcon_installed_package_information.package_discovery:Found 1 installed packages in /mnt/c/Users/xiaox/OneDrive/Desktop/linux stuff/my_package/install
[0.822s] DEBUG:colcon.colcon_installed_package_information.package_discovery:Found 310 installed packages in /opt/ros/humble
[0.823s] Level 1:colcon.colcon_core.package_discovery:discover_packages(prefix_path) using defaults
[0.879s] Level 5:colcon.colcon_core.verb:set package 'my_package' build argument 'cmake_args' from command line to 'None'
[0.880s] Level 5:colcon.colcon_core.verb:set package 'my_package' build argument 'cmake_target' from command line to 'None'
[0.880s] Level 5:colcon.colcon_core.verb:set package 'my_package' build argument 'cmake_target_skip_unavailable' from command line to 'False'
[0.881s] Level 5:colcon.colcon_core.verb:set package 'my_package' build argument 'cmake_clean_cache' from command line to 'False'
[0.881s] Level 5:colcon.colcon_core.verb:set package 'my_package' build argument 'cmake_clean_first' from command line to 'False'
[0.881s] Level 5:colcon.colcon_core.verb:set package 'my_package' build argument 'cmake_force_configure' from command line to 'False'
[0.882s] Level 5:colcon.colcon_core.verb:set package 'my_package' build argument 'ament_cmake_args' from command line to 'None'
[0.882s] Level 5:colcon.colcon_core.verb:set package 'my_package' build argument 'catkin_cmake_args' from command line to 'None'
[0.883s] Level 5:colcon.colcon_core.verb:set package 'my_package' build argument 'catkin_skip_building_tests' from command line to 'False'
[0.883s] DEBUG:colcon.colcon_core.verb:Building package 'my_package' with the following arguments: {'ament_cmake_args': None, 'build_base': '/mnt/c/Users/xiaox/OneDrive/Desktop/linux stuff/my_package/build/my_package', 'catkin_cmake_args': None, 'catkin_skip_building_tests': False, 'cmake_args': None, 'cmake_clean_cache': False, 'cmake_clean_first': False, 'cmake_force_configure': False, 'cmake_target': None, 'cmake_target_skip_unavailable': False, 'install_base': '/mnt/c/Users/xiaox/OneDrive/Desktop/linux stuff/my_package/install/my_package', 'merge_install': False, 'path': '/mnt/c/Users/xiaox/OneDrive/Desktop/linux stuff/my_package', 'symlink_install': False, 'test_result_base': None}
[0.884s] INFO:colcon.colcon_core.executor:Executing jobs using 'parallel' executor
[0.886s] DEBUG:colcon.colcon_parallel_executor.executor.parallel:run_until_complete
[0.886s] INFO:colcon.colcon_ros.task.ament_python.build:Building ROS package in '/mnt/c/Users/xiaox/OneDrive/Desktop/linux stuff/my_package' with build type 'ament_python'
[0.887s] Level 1:colcon.colcon_core.shell:create_environment_hook('my_package', 'ament_prefix_path')
[0.896s] INFO:colcon.colcon_core.plugin_system:Skipping extension 'colcon_core.shell.bat': Not used on non-Windows systems
[0.897s] INFO:colcon.colcon_core.shell:Creating environment hook '/mnt/c/Users/xiaox/OneDrive/Desktop/linux stuff/my_package/install/my_package/share/my_package/hook/ament_prefix_path.ps1'
[0.914s] INFO:colcon.colcon_core.shell:Creating environment descriptor '/mnt/c/Users/xiaox/OneDrive/Desktop/linux stuff/my_package/install/my_package/share/my_package/hook/ament_prefix_path.dsv'
[0.933s] INFO:colcon.colcon_core.shell:Creating environment hook '/mnt/c/Users/xiaox/OneDrive/Desktop/linux stuff/my_package/install/my_package/share/my_package/hook/ament_prefix_path.sh'
[0.953s] INFO:colcon.colcon_core.shell:Skip shell extension 'powershell' for command environment: Not usable outside of PowerShell
[0.953s] DEBUG:colcon.colcon_core.shell:Skip shell extension 'dsv' for command environment
[1.633s] INFO:colcon.colcon_core.task.python.build:Building Python package in '/mnt/c/Users/xiaox/OneDrive/Desktop/linux stuff/my_package'
[1.634s] INFO:colcon.colcon_core.shell:Skip shell extension 'powershell' for command environment: Not usable outside of PowerShell
[1.635s] DEBUG:colcon.colcon_core.shell:Skip shell extension 'dsv' for command environment
[2.930s] DEBUG:colcon.colcon_core.event_handler.log_command:Invoking command in '/mnt/c/Users/xiaox/OneDrive/Desktop/linux stuff/my_package': PYTHONPATH=/mnt/c/Users/xiaox/OneDrive/Desktop/linux stuff/my_package/build/my_package/prefix_override:/mnt/c/Users/xiaox/OneDrive/Desktop/linux stuff/my_package/install/my_package/lib/python3.10/site-packages:${PYTHONPATH} /usr/bin/python3 setup.py egg_info --egg-base build/my_package build --build-base /mnt/c/Users/xiaox/OneDrive/Desktop/linux stuff/my_package/build/my_package/build install --record /mnt/c/Users/xiaox/OneDrive/Desktop/linux stuff/my_package/build/my_package/install.log --single-version-externally-managed
[5.210s] DEBUG:colcon.colcon_core.event_handler.log_command:Invoked command in '/mnt/c/Users/xiaox/OneDrive/Desktop/linux stuff/my_package' returned '0': PYTHONPATH=/mnt/c/Users/xiaox/OneDrive/Desktop/linux stuff/my_package/build/my_package/prefix_override:/mnt/c/Users/xiaox/OneDrive/Desktop/linux stuff/my_package/install/my_package/lib/python3.10/site-packages:${PYTHONPATH} /usr/bin/python3 setup.py egg_info --egg-base build/my_package build --build-base /mnt/c/Users/xiaox/OneDrive/Desktop/linux stuff/my_package/build/my_package/build install --record /mnt/c/Users/xiaox/OneDrive/Desktop/linux stuff/my_package/build/my_package/install.log --single-version-externally-managed
[5.223s] Level 1:colcon.colcon_core.environment:checking '/mnt/c/Users/xiaox/OneDrive/Desktop/linux stuff/my_package/install/my_package' for CMake module files
[5.315s] Level 1:colcon.colcon_core.environment:checking '/mnt/c/Users/xiaox/OneDrive/Desktop/linux stuff/my_package/install/my_package' for CMake config files
[5.462s] Level 1:colcon.colcon_core.environment:checking '/mnt/c/Users/xiaox/OneDrive/Desktop/linux stuff/my_package/install/my_package/lib'
[5.467s] Level 1:colcon.colcon_core.environment:checking '/mnt/c/Users/xiaox/OneDrive/Desktop/linux stuff/my_package/install/my_package/bin'
[5.469s] Level 1:colcon.colcon_core.environment:checking '/mnt/c/Users/xiaox/OneDrive/Desktop/linux stuff/my_package/install/my_package/lib/pkgconfig/my_package.pc'
[5.472s] Level 1:colcon.colcon_core.environment:checking '/mnt/c/Users/xiaox/OneDrive/Desktop/linux stuff/my_package/install/my_package/lib/python3.10/site-packages'
[5.475s] Level 1:colcon.colcon_core.shell:create_environment_hook('my_package', 'pythonpath')
[5.476s] INFO:colcon.colcon_core.shell:Creating environment hook '/mnt/c/Users/xiaox/OneDrive/Desktop/linux stuff/my_package/install/my_package/share/my_package/hook/pythonpath.ps1'
[5.496s] INFO:colcon.colcon_core.shell:Creating environment descriptor '/mnt/c/Users/xiaox/OneDrive/Desktop/linux stuff/my_package/install/my_package/share/my_package/hook/pythonpath.dsv'
[5.515s] INFO:colcon.colcon_core.shell:Creating environment hook '/mnt/c/Users/xiaox/OneDrive/Desktop/linux stuff/my_package/install/my_package/share/my_package/hook/pythonpath.sh'
[5.533s] Level 1:colcon.colcon_core.environment:checking '/mnt/c/Users/xiaox/OneDrive/Desktop/linux stuff/my_package/install/my_package/bin'
[5.535s] Level 1:colcon.colcon_core.environment:create_environment_scripts_only(my_package)
[5.536s] INFO:colcon.colcon_core.shell:Creating package script '/mnt/c/Users/xiaox/OneDrive/Desktop/linux stuff/my_package/install/my_package/share/my_package/package.ps1'
[5.552s] INFO:colcon.colcon_core.shell:Creating package descriptor '/mnt/c/Users/xiaox/OneDrive/Desktop/linux stuff/my_package/install/my_package/share/my_package/package.dsv'
[5.566s] INFO:colcon.colcon_core.shell:Creating package script '/mnt/c/Users/xiaox/OneDrive/Desktop/linux stuff/my_package/install/my_package/share/my_package/package.sh'
[5.580s] INFO:colcon.colcon_core.shell:Creating package script '/mnt/c/Users/xiaox/OneDrive/Desktop/linux stuff/my_package/install/my_package/share/my_package/package.bash'
[5.595s] INFO:colcon.colcon_core.shell:Creating package script '/mnt/c/Users/xiaox/OneDrive/Desktop/linux stuff/my_package/install/my_package/share/my_package/package.zsh'
[5.611s] Level 1:colcon.colcon_core.environment:create_file_with_runtime_dependencies(/mnt/c/Users/xiaox/OneDrive/Desktop/linux stuff/my_package/install/my_package/share/colcon-core/packages/my_package)
[5.624s] DEBUG:colcon.colcon_parallel_executor.executor.parallel:closing loop
[5.625s] DEBUG:colcon.colcon_parallel_executor.executor.parallel:loop closed
[5.625s] DEBUG:colcon.colcon_parallel_executor.executor.parallel:run_until_complete finished with '0'
[5.625s] DEBUG:colcon.colcon_core.event_reactor:joining thread
[5.717s] INFO:colcon.colcon_core.plugin_system:Skipping extension 'colcon_notification.desktop_notification.notify_send': Could not find 'notify-send'
[5.718s] INFO:colcon.colcon_core.plugin_system:Skipping extension 'colcon_notification.desktop_notification.terminal_notifier': Not used on non-Darwin systems
[5.718s] INFO:colcon.colcon_core.plugin_system:Skipping extension 'colcon_notification.desktop_notification.win32': Not used on non-Windows systems
[5.718s] INFO:colcon.colcon_notification.desktop_notification:Sending desktop notification using 'notify2'
[5.719s] DEBUG:colcon.colcon_notification.desktop_notification.notify2:Failed to initialize notify2: org.freedesktop.DBus.Error.FileNotFound: Failed to connect to socket /run/user/1000/bus: No such file or directory
[5.719s] DEBUG:colcon.colcon_core.event_reactor:joined thread
[5.720s] INFO:colcon.colcon_core.shell:Creating prefix script '/mnt/c/Users/xiaox/OneDrive/Desktop/linux stuff/my_package/install/local_setup.ps1'
[5.728s] INFO:colcon.colcon_core.shell:Creating prefix util module '/mnt/c/Users/xiaox/OneDrive/Desktop/linux stuff/my_package/install/_local_setup_util_ps1.py'
[5.736s] INFO:colcon.colcon_core.shell:Creating prefix chain script '/mnt/c/Users/xiaox/OneDrive/Desktop/linux stuff/my_package/install/setup.ps1'
[5.763s] INFO:colcon.colcon_core.shell:Creating prefix script '/mnt/c/Users/xiaox/OneDrive/Desktop/linux stuff/my_package/install/local_setup.sh'
[5.769s] INFO:colcon.colcon_core.shell:Creating prefix util module '/mnt/c/Users/xiaox/OneDrive/Desktop/linux stuff/my_package/install/_local_setup_util_sh.py'
[5.775s] INFO:colcon.colcon_core.shell:Creating prefix chain script '/mnt/c/Users/xiaox/OneDrive/Desktop/linux stuff/my_package/install/setup.sh'
[5.795s] INFO:colcon.colcon_core.shell:Creating prefix script '/mnt/c/Users/xiaox/OneDrive/Desktop/linux stuff/my_package/install/local_setup.bash'
[5.801s] INFO:colcon.colcon_core.shell:Creating prefix chain script '/mnt/c/Users/xiaox/OneDrive/Desktop/linux stuff/my_package/install/setup.bash'
[5.817s] INFO:colcon.colcon_core.shell:Creating prefix script '/mnt/c/Users/xiaox/OneDrive/Desktop/linux stuff/my_package/install/local_setup.zsh'
[5.823s] INFO:colcon.colcon_core.shell:Creating prefix chain script '/mnt/c/Users/xiaox/OneDrive/Desktop/linux stuff/my_package/install/setup.zsh'
