running egg_info
creating build/my_package/my_package.egg-info
writing build/my_package/my_package.egg-info/PKG-INFO
writing dependency_links to build/my_package/my_package.egg-info/dependency_links.txt
writing entry points to build/my_package/my_package.egg-info/entry_points.txt
writing requirements to build/my_package/my_package.egg-info/requires.txt
writing top-level names to build/my_package/my_package.egg-info/top_level.txt
writing manifest file 'build/my_package/my_package.egg-info/SOURCES.txt'
reading manifest file 'build/my_package/my_package.egg-info/SOURCES.txt'
adding license file 'LICENSE'
writing manifest file 'build/my_package/my_package.egg-info/SOURCES.txt'
running build
running build_py
creating /mnt/c/Users/xiaox/OneDrive/Desktop/linux stuff/my_package/build/my_package/build
creating /mnt/c/Users/xiaox/OneDrive/Desktop/linux stuff/my_package/build/my_package/build/lib
creating /mnt/c/Users/xiaox/OneDrive/Desktop/linux stuff/my_package/build/my_package/build/lib/my_package
copying my_package/my_robot_driver.py -> /mnt/c/Users/xiaox/OneDrive/Desktop/linux stuff/my_package/build/my_package/build/lib/my_package
copying my_package/__init__.py -> /mnt/c/Users/xiaox/OneDrive/Desktop/linux stuff/my_package/build/my_package/build/lib/my_package
running install
/usr/lib/python3/dist-packages/setuptools/command/install.py:34: SetuptoolsDeprecationWarning: setup.py install is deprecated. Use build and pip and other standards-based tools.
  warnings.warn(
running install_lib
creating /mnt/c/Users/xiaox/OneDrive/Desktop/linux stuff/my_package/install/my_package/lib/python3.10/site-packages/my_package
copying /mnt/c/Users/xiaox/OneDrive/Desktop/linux stuff/my_package/build/my_package/build/lib/my_package/my_robot_driver.py -> /mnt/c/Users/xiaox/OneDrive/Desktop/linux stuff/my_package/install/my_package/lib/python3.10/site-packages/my_package
copying /mnt/c/Users/xiaox/OneDrive/Desktop/linux stuff/my_package/build/my_package/build/lib/my_package/__init__.py -> /mnt/c/Users/xiaox/OneDrive/Desktop/linux stuff/my_package/install/my_package/lib/python3.10/site-packages/my_package
byte-compiling /mnt/c/Users/xiaox/OneDrive/Desktop/linux stuff/my_package/install/my_package/lib/python3.10/site-packages/my_package/my_robot_driver.py to my_robot_driver.cpython-310.pyc
byte-compiling /mnt/c/Users/xiaox/OneDrive/Desktop/linux stuff/my_package/install/my_package/lib/python3.10/site-packages/my_package/__init__.py to __init__.cpython-310.pyc
running install_data
creating /mnt/c/Users/xiaox/OneDrive/Desktop/linux stuff/my_package/install/my_package/share/ament_index
creating /mnt/c/Users/xiaox/OneDrive/Desktop/linux stuff/my_package/install/my_package/share/ament_index/resource_index
creating /mnt/c/Users/xiaox/OneDrive/Desktop/linux stuff/my_package/install/my_package/share/ament_index/resource_index/packages
copying resource/my_package -> /mnt/c/Users/xiaox/OneDrive/Desktop/linux stuff/my_package/install/my_package/share/ament_index/resource_index/packages
creating /mnt/c/Users/xiaox/OneDrive/Desktop/linux stuff/my_package/install/my_package/share/my_package/launch
copying launch/robot_launch.py -> /mnt/c/Users/xiaox/OneDrive/Desktop/linux stuff/my_package/install/my_package/share/my_package/launch
creating /mnt/c/Users/xiaox/OneDrive/Desktop/linux stuff/my_package/install/my_package/share/my_package/worlds
copying worlds/my_world.wbt -> /mnt/c/Users/xiaox/OneDrive/Desktop/linux stuff/my_package/install/my_package/share/my_package/worlds
creating /mnt/c/Users/xiaox/OneDrive/Desktop/linux stuff/my_package/install/my_package/share/my_package/resource
copying resource/my_robot.urdf -> /mnt/c/Users/xiaox/OneDrive/Desktop/linux stuff/my_package/install/my_package/share/my_package/resource
copying package.xml -> /mnt/c/Users/xiaox/OneDrive/Desktop/linux stuff/my_package/install/my_package/share/my_package
running install_egg_info
Copying build/my_package/my_package.egg-info to /mnt/c/Users/xiaox/OneDrive/Desktop/linux stuff/my_package/install/my_package/lib/python3.10/site-packages/my_package-0.0.0-py3.10.egg-info
running install_scripts
Installing my_robot_driver script to /mnt/c/Users/xiaox/OneDrive/Desktop/linux stuff/my_package/install/my_package/lib/my_package
writing list of installed files to '/mnt/c/Users/xiaox/OneDrive/Desktop/linux stuff/my_package/build/my_package/install.log'
