[1.570s] Invoking command in '/mnt/c/Users/xiaox/OneDrive/Desktop/linux stuff/my_package': PYTHONPATH=/mnt/c/Users/xiaox/OneDrive/Desktop/linux stuff/my_package/build/my_package/prefix_override:/mnt/c/Users/xiaox/OneDrive/Desktop/linux stuff/my_package/install/my_package/lib/python3.10/site-packages:${PYTHONPATH} /usr/bin/python3 setup.py egg_info --egg-base build/my_package build --build-base /mnt/c/Users/xiaox/OneDrive/Desktop/linux stuff/my_package/build/my_package/build install --record /mnt/c/Users/xiaox/OneDrive/Desktop/linux stuff/my_package/build/my_package/install.log --single-version-externally-managed
[2.350s] running egg_info
[2.357s] creating build/my_package/my_package.egg-info
[2.362s] writing build/my_package/my_package.egg-info/PKG-INFO
[2.375s] writing dependency_links to build/my_package/my_package.egg-info/dependency_links.txt
[2.384s] writing entry points to build/my_package/my_package.egg-info/entry_points.txt
[2.390s] writing requirements to build/my_package/my_package.egg-info/requires.txt
[2.394s] writing top-level names to build/my_package/my_package.egg-info/top_level.txt
[2.403s] writing manifest file 'build/my_package/my_package.egg-info/SOURCES.txt'
[2.450s] reading manifest file 'build/my_package/my_package.egg-info/SOURCES.txt'
[2.497s] adding license file 'LICENSE'
[2.530s] writing manifest file 'build/my_package/my_package.egg-info/SOURCES.txt'
[2.535s] running build
[2.537s] running build_py
[2.550s] creating /mnt/c/Users/xiaox/OneDrive/Desktop/linux stuff/my_package/build/my_package/build
[2.552s] creating /mnt/c/Users/xiaox/OneDrive/Desktop/linux stuff/my_package/build/my_package/build/lib
[2.555s] creating /mnt/c/Users/xiaox/OneDrive/Desktop/linux stuff/my_package/build/my_package/build/lib/my_package
[2.567s] copying my_package/my_robot_driver.py -> /mnt/c/Users/xiaox/OneDrive/Desktop/linux stuff/my_package/build/my_package/build/lib/my_package
[2.593s] copying my_package/__init__.py -> /mnt/c/Users/xiaox/OneDrive/Desktop/linux stuff/my_package/build/my_package/build/lib/my_package
[2.608s] running install
[2.609s] /usr/lib/python3/dist-packages/setuptools/command/install.py:34: SetuptoolsDeprecationWarning: setup.py install is deprecated. Use build and pip and other standards-based tools.
[2.610s]   warnings.warn(
[2.611s] running install_lib
[2.635s] creating /mnt/c/Users/xiaox/OneDrive/Desktop/linux stuff/my_package/install/my_package/lib/python3.10/site-packages/my_package
[2.654s] copying /mnt/c/Users/xiaox/OneDrive/Desktop/linux stuff/my_package/build/my_package/build/lib/my_package/my_robot_driver.py -> /mnt/c/Users/xiaox/OneDrive/Desktop/linux stuff/my_package/install/my_package/lib/python3.10/site-packages/my_package
[2.694s] copying /mnt/c/Users/xiaox/OneDrive/Desktop/linux stuff/my_package/build/my_package/build/lib/my_package/__init__.py -> /mnt/c/Users/xiaox/OneDrive/Desktop/linux stuff/my_package/install/my_package/lib/python3.10/site-packages/my_package
[2.733s] byte-compiling /mnt/c/Users/xiaox/OneDrive/Desktop/linux stuff/my_package/install/my_package/lib/python3.10/site-packages/my_package/my_robot_driver.py to my_robot_driver.cpython-310.pyc
[2.779s] byte-compiling /mnt/c/Users/xiaox/OneDrive/Desktop/linux stuff/my_package/install/my_package/lib/python3.10/site-packages/my_package/__init__.py to __init__.cpython-310.pyc
[2.824s] running install_data
[2.842s] creating /mnt/c/Users/xiaox/OneDrive/Desktop/linux stuff/my_package/install/my_package/share/ament_index
[2.844s] creating /mnt/c/Users/xiaox/OneDrive/Desktop/linux stuff/my_package/install/my_package/share/ament_index/resource_index
[2.848s] creating /mnt/c/Users/xiaox/OneDrive/Desktop/linux stuff/my_package/install/my_package/share/ament_index/resource_index/packages
[2.862s] copying resource/my_package -> /mnt/c/Users/xiaox/OneDrive/Desktop/linux stuff/my_package/install/my_package/share/ament_index/resource_index/packages
[2.888s] creating /mnt/c/Users/xiaox/OneDrive/Desktop/linux stuff/my_package/install/my_package/share/my_package/launch
[2.900s] copying launch/robot_launch.py -> /mnt/c/Users/xiaox/OneDrive/Desktop/linux stuff/my_package/install/my_package/share/my_package/launch
[2.926s] creating /mnt/c/Users/xiaox/OneDrive/Desktop/linux stuff/my_package/install/my_package/share/my_package/worlds
[2.938s] copying worlds/my_world.wbt -> /mnt/c/Users/xiaox/OneDrive/Desktop/linux stuff/my_package/install/my_package/share/my_package/worlds
[2.965s] creating /mnt/c/Users/xiaox/OneDrive/Desktop/linux stuff/my_package/install/my_package/share/my_package/resource
[2.977s] copying resource/my_robot.urdf -> /mnt/c/Users/xiaox/OneDrive/Desktop/linux stuff/my_package/install/my_package/share/my_package/resource
[3.008s] copying package.xml -> /mnt/c/Users/xiaox/OneDrive/Desktop/linux stuff/my_package/install/my_package/share/my_package
[3.024s] running install_egg_info
[3.046s] Copying build/my_package/my_package.egg-info to /mnt/c/Users/xiaox/OneDrive/Desktop/linux stuff/my_package/install/my_package/lib/python3.10/site-packages/my_package-0.0.0-py3.10.egg-info
[3.382s] running install_scripts
[3.464s] Installing my_robot_driver script to /mnt/c/Users/xiaox/OneDrive/Desktop/linux stuff/my_package/install/my_package/lib/my_package
[3.479s] writing list of installed files to '/mnt/c/Users/xiaox/OneDrive/Desktop/linux stuff/my_package/build/my_package/install.log'
[3.499s] Invoked command in '/mnt/c/Users/xiaox/OneDrive/Desktop/linux stuff/my_package' returned '0': PYTHONPATH=/mnt/c/Users/xiaox/OneDrive/Desktop/linux stuff/my_package/build/my_package/prefix_override:/mnt/c/Users/xiaox/OneDrive/Desktop/linux stuff/my_package/install/my_package/lib/python3.10/site-packages:${PYTHONPATH} /usr/bin/python3 setup.py egg_info --egg-base build/my_package build --build-base /mnt/c/Users/xiaox/OneDrive/Desktop/linux stuff/my_package/build/my_package/build install --record /mnt/c/Users/xiaox/OneDrive/Desktop/linux stuff/my_package/build/my_package/install.log --single-version-externally-managed
