[2.074s] Invoking command in '/mnt/c/Users/xiaox/OneDrive/Desktop/linux stuff/my_package': PYTHONPATH=/mnt/c/Users/xiaox/OneDrive/Desktop/linux stuff/my_package/build/my_package/prefix_override:/mnt/c/Users/xiaox/OneDrive/Desktop/linux stuff/my_package/install/my_package/lib/python3.10/site-packages:${PYTHONPATH} /usr/bin/python3 setup.py egg_info --egg-base build/my_package build --build-base /mnt/c/Users/xiaox/OneDrive/Desktop/linux stuff/my_package/build/my_package/build install --record /mnt/c/Users/xiaox/OneDrive/Desktop/linux stuff/my_package/build/my_package/install.log --single-version-externally-managed
[2.964s] running egg_info
[2.971s] writing build/my_package/my_package.egg-info/PKG-INFO
[2.983s] writing dependency_links to build/my_package/my_package.egg-info/dependency_links.txt
[2.998s] writing entry points to build/my_package/my_package.egg-info/entry_points.txt
[3.004s] writing requirements to build/my_package/my_package.egg-info/requires.txt
[3.008s] writing top-level names to build/my_package/my_package.egg-info/top_level.txt
[3.062s] reading manifest file 'build/my_package/my_package.egg-info/SOURCES.txt'
[3.130s] adding license file 'LICENSE'
[3.168s] writing manifest file 'build/my_package/my_package.egg-info/SOURCES.txt'
[3.172s] running build
[3.174s] running build_py
[3.235s] running install
[3.236s] /usr/lib/python3/dist-packages/setuptools/command/install.py:34: SetuptoolsDeprecationWarning: setup.py install is deprecated. Use build and pip and other standards-based tools.
[3.237s]   warnings.warn(
[3.238s] running install_lib
[3.431s] running install_data
[3.473s] copying launch/robot_launch.py -> /mnt/c/Users/xiaox/OneDrive/Desktop/linux stuff/my_package/install/my_package/share/my_package/launch
[3.550s] running install_egg_info
[3.569s] removing '/mnt/c/Users/xiaox/OneDrive/Desktop/linux stuff/my_package/install/my_package/lib/python3.10/site-packages/my_package-0.0.0-py3.10.egg-info' (and everything under it)
[3.661s] Copying build/my_package/my_package.egg-info to /mnt/c/Users/xiaox/OneDrive/Desktop/linux stuff/my_package/install/my_package/lib/python3.10/site-packages/my_package-0.0.0-py3.10.egg-info
[4.021s] running install_scripts
[4.103s] Installing my_robot_driver script to /mnt/c/Users/xiaox/OneDrive/Desktop/linux stuff/my_package/install/my_package/lib/my_package
[4.120s] Installing obstacle_avoider script to /mnt/c/Users/xiaox/OneDrive/Desktop/linux stuff/my_package/install/my_package/lib/my_package
[4.147s] writing list of installed files to '/mnt/c/Users/xiaox/OneDrive/Desktop/linux stuff/my_package/build/my_package/install.log'
[4.167s] Invoked command in '/mnt/c/Users/xiaox/OneDrive/Desktop/linux stuff/my_package' returned '0': PYTHONPATH=/mnt/c/Users/xiaox/OneDrive/Desktop/linux stuff/my_package/build/my_package/prefix_override:/mnt/c/Users/xiaox/OneDrive/Desktop/linux stuff/my_package/install/my_package/lib/python3.10/site-packages:${PYTHONPATH} /usr/bin/python3 setup.py egg_info --egg-base build/my_package build --build-base /mnt/c/Users/xiaox/OneDrive/Desktop/linux stuff/my_package/build/my_package/build install --record /mnt/c/Users/xiaox/OneDrive/Desktop/linux stuff/my_package/build/my_package/install.log --single-version-externally-managed
